Requirement already satisfied: pyannote.core in /home/voshpde/.local/lib/python3.7/site-packages (4.1)
Requirement already satisfied: pandas>=0.17.1 in /cm/shared/easybuild/software/SciPy-bundle/2019.10-fosscuda-2019b-Python-3.7.4/lib/python3.7/site-packages (from pyannote.core) (0.25.3)
Requirement already satisfied: simplejson>=3.8.1 in /home/voshpde/.local/lib/python3.7/site-packages (from pyannote.core) (3.17.2)
Requirement already satisfied: typing-extensions>=3.7.4.1 in /home/voshpde/.local/lib/python3.7/site-packages (from pyannote.core) (3.7.4.3)
Requirement already satisfied: scipy>=1.1 in /cm/shared/easybuild/software/SciPy-bundle/2019.10-fosscuda-2019b-Python-3.7.4/lib/python3.7/site-packages (from pyannote.core) (1.3.1)
Requirement already satisfied: matplotlib>=2.0.0 in /home/voshpde/.local/lib/python3.7/site-packages (from pyannote.core) (3.3.1)
Requirement already satisfied: numpy>=1.10.4 in /cm/shared/easybuild/software/SciPy-bundle/2019.10-fosscuda-2019b-Python-3.7.4/lib/python3.7/site-packages (from pyannote.core) (1.17.3)
Requirement already satisfied: sortedcontainers>=2.0.4 in /home/voshpde/.local/lib/python3.7/site-packages (from pyannote.core) (2.3.0)
Requirement already satisfied: python-dateutil>=2.6.1 in /cm/shared/easybuild/software/Python/3.7.4-GCCcore-8.3.0/lib/python3.7/site-packages (from pandas>=0.17.1->pyannote.core) (2.8.0)
Requirement already satisfied: pytz>=2017.2 in /cm/shared/easybuild/software/Python/3.7.4-GCCcore-8.3.0/lib/python3.7/site-packages (from pandas>=0.17.1->pyannote.core) (2019.2)
Requirement already satisfied: kiwisolver>=1.0.1 in /home/voshpde/.local/lib/python3.7/site-packages (from matplotlib>=2.0.0->pyannote.core) (1.2.0)
Requirement already satisfied: cycler>=0.10 in /home/voshpde/.local/lib/python3.7/site-packages (from matplotlib>=2.0.0->pyannote.core) (0.10.0)
Requirement already satisfied: pyparsing!=2.0.4,!=2.1.2,!=2.1.6,>=2.0.3 in /home/voshpde/.local/lib/python3.7/site-packages (from matplotlib>=2.0.0->pyannote.core) (2.4.7)
Requirement already satisfied: certifi>=2020.06.20 in /home/voshpde/.local/lib/python3.7/site-packages (from matplotlib>=2.0.0->pyannote.core) (2020.6.20)
Requirement already satisfied: pillow>=6.2.0 in /cm/shared/easybuild/software/Pillow/6.2.1-GCCcore-8.3.0/lib/python3.7/site-packages (from matplotlib>=2.0.0->pyannote.core) (6.2.1)
Requirement already satisfied: six>=1.5 in /cm/shared/easybuild/software/Python/3.7.4-GCCcore-8.3.0/lib/python3.7/site-packages (from python-dateutil>=2.6.1->pandas>=0.17.1->pyannote.core) (1.12.0)
Requirement already satisfied: pyannote.audio==1.1.1 in /home/voshpde/.local/lib/python3.7/site-packages (1.1.1)
Requirement already satisfied: pyannote.core>=4.1 in /home/voshpde/.local/lib/python3.7/site-packages (from pyannote.audio==1.1.1) (4.1)
Requirement already satisfied: pandas>=0.18.0 in /cm/shared/easybuild/software/SciPy-bundle/2019.10-fosscuda-2019b-Python-3.7.4/lib/python3.7/site-packages (from pyannote.audio==1.1.1) (0.25.3)
Requirement already satisfied: sortedcontainers>=2.0.4 in /home/voshpde/.local/lib/python3.7/site-packages (from pyannote.audio==1.1.1) (2.3.0)
Requirement already satisfied: soundfile>=0.10.2 in /home/voshpde/.local/lib/python3.7/site-packages (from pyannote.audio==1.1.1) (0.10.3.post1)
Requirement already satisfied: scikit-learn>=0.20.2 in /home/voshpde/.local/lib/python3.7/site-packages (from pyannote.audio==1.1.1) (0.23.2)
Requirement already satisfied: cachetools>=2.0.0 in /home/voshpde/.local/lib/python3.7/site-packages (from pyannote.audio==1.1.1) (4.1.1)
Requirement already satisfied: tensorboard>=2.0.0 in /home/voshpde/.local/lib/python3.7/site-packages (from pyannote.audio==1.1.1) (2.4.1)
Requirement already satisfied: pescador>=2.1.0 in /home/voshpde/.local/lib/python3.7/site-packages (from pyannote.audio==1.1.1) (2.1.0)
Requirement already satisfied: pyannote.database>=4.0 in /home/voshpde/.local/lib/python3.7/site-packages (from pyannote.audio==1.1.1) (4.1)
Requirement already satisfied: Pillow>=6.2.1 in /cm/shared/easybuild/software/Pillow/6.2.1-GCCcore-8.3.0/lib/python3.7/site-packages (from pyannote.audio==1.1.1) (6.2.1)
Requirement already satisfied: pyYAML>=3.12 in /cm/shared/easybuild/software/PyYAML/5.1.2-GCCcore-8.3.0/lib/python3.7/site-packages (from pyannote.audio==1.1.1) (5.1.2)
Requirement already satisfied: typing-extensions>=3.7.4; python_version < "3.8" in /home/voshpde/.local/lib/python3.7/site-packages (from pyannote.audio==1.1.1) (3.7.4.3)
Requirement already satisfied: tqdm>=4.29.1 in /home/voshpde/.local/lib/python3.7/site-packages (from pyannote.audio==1.1.1) (4.48.2)
Requirement already satisfied: pyannote.metrics>=2.3 in /home/voshpde/.local/lib/python3.7/site-packages (from pyannote.audio==1.1.1) (3.0.1)
Requirement already satisfied: pyannote.pipeline<2.0.0,>=1.5.2 in /home/voshpde/.local/lib/python3.7/site-packages (from pyannote.audio==1.1.1) (1.5.2)
Requirement already satisfied: sortedcollections>=1.0.1 in /home/voshpde/.local/lib/python3.7/site-packages (from pyannote.audio==1.1.1) (2.1.0)
Requirement already satisfied: librosa>=0.8.0 in /home/voshpde/.local/lib/python3.7/site-packages (from pyannote.audio==1.1.1) (0.8.0)
Requirement already satisfied: numpy>=1.10.4 in /cm/shared/easybuild/software/SciPy-bundle/2019.10-fosscuda-2019b-Python-3.7.4/lib/python3.7/site-packages (from pyannote.core>=4.1->pyannote.audio==1.1.1) (1.17.3)
Requirement already satisfied: matplotlib>=2.0.0 in /home/voshpde/.local/lib/python3.7/site-packages (from pyannote.core>=4.1->pyannote.audio==1.1.1) (3.3.1)
Requirement already satisfied: scipy>=1.1 in /cm/shared/easybuild/software/SciPy-bundle/2019.10-fosscuda-2019b-Python-3.7.4/lib/python3.7/site-packages (from pyannote.core>=4.1->pyannote.audio==1.1.1) (1.3.1)
Requirement already satisfied: simplejson>=3.8.1 in /home/voshpde/.local/lib/python3.7/site-packages (from pyannote.core>=4.1->pyannote.audio==1.1.1) (3.17.2)
Requirement already satisfied: pytz>=2017.2 in /cm/shared/easybuild/software/Python/3.7.4-GCCcore-8.3.0/lib/python3.7/site-packages (from pandas>=0.18.0->pyannote.audio==1.1.1) (2019.2)
Requirement already satisfied: python-dateutil>=2.6.1 in /cm/shared/easybuild/software/Python/3.7.4-GCCcore-8.3.0/lib/python3.7/site-packages (from pandas>=0.18.0->pyannote.audio==1.1.1) (2.8.0)
Requirement already satisfied: cffi>=1.0 in /cm/shared/easybuild/software/Python/3.7.4-GCCcore-8.3.0/lib/python3.7/site-packages (from soundfile>=0.10.2->pyannote.audio==1.1.1) (1.12.3)
Requirement already satisfied: threadpoolctl>=2.0.0 in /home/voshpde/.local/lib/python3.7/site-packages (from scikit-learn>=0.20.2->pyannote.audio==1.1.1) (2.1.0)
Requirement already satisfied: joblib>=0.11 in /home/voshpde/.local/lib/python3.7/site-packages (from scikit-learn>=0.20.2->pyannote.audio==1.1.1) (0.16.0)
Requirement already satisfied: grpcio>=1.24.3 in /home/voshpde/.local/lib/python3.7/site-packages (from tensorboard>=2.0.0->pyannote.audio==1.1.1) (1.37.0)
Requirement already satisfied: google-auth<2,>=1.6.3 in /home/voshpde/.local/lib/python3.7/site-packages (from tensorboard>=2.0.0->pyannote.audio==1.1.1) (1.20.1)
Requirement already satisfied: protobuf>=3.6.0 in /home/voshpde/.local/lib/python3.7/site-packages (from tensorboard>=2.0.0->pyannote.audio==1.1.1) (3.13.0)
Requirement already satisfied: wheel>=0.26; python_version >= "3" in /cm/shared/easybuild/software/Python/3.7.4-GCCcore-8.3.0/lib/python3.7/site-packages (from tensorboard>=2.0.0->pyannote.audio==1.1.1) (0.33.6)
Requirement already satisfied: markdown>=2.6.8 in /home/voshpde/.local/lib/python3.7/site-packages (from tensorboard>=2.0.0->pyannote.audio==1.1.1) (3.3.4)
Requirement already satisfied: werkzeug>=0.11.15 in /home/voshpde/.local/lib/python3.7/site-packages (from tensorboard>=2.0.0->pyannote.audio==1.1.1) (1.0.1)
Requirement already satisfied: absl-py>=0.4 in /home/voshpde/.local/lib/python3.7/site-packages (from tensorboard>=2.0.0->pyannote.audio==1.1.1) (0.12.0)
Requirement already satisfied: setuptools>=41.0.0 in /cm/shared/easybuild/software/Python/3.7.4-GCCcore-8.3.0/lib/python3.7/site-packages (from tensorboard>=2.0.0->pyannote.audio==1.1.1) (41.2.0)
Requirement already satisfied: six>=1.10.0 in /cm/shared/easybuild/software/Python/3.7.4-GCCcore-8.3.0/lib/python3.7/site-packages (from tensorboard>=2.0.0->pyannote.audio==1.1.1) (1.12.0)
Requirement already satisfied: requests<3,>=2.21.0 in /cm/shared/easybuild/software/Python/3.7.4-GCCcore-8.3.0/lib/python3.7/site-packages (from tensorboard>=2.0.0->pyannote.audio==1.1.1) (2.22.0)
Requirement already satisfied: tensorboard-plugin-wit>=1.6.0 in /home/voshpde/.local/lib/python3.7/site-packages (from tensorboard>=2.0.0->pyannote.audio==1.1.1) (1.8.0)
Requirement already satisfied: google-auth-oauthlib<0.5,>=0.4.1 in /home/voshpde/.local/lib/python3.7/site-packages (from tensorboard>=2.0.0->pyannote.audio==1.1.1) (0.4.4)
Requirement already satisfied: decorator>=4.0 in /home/voshpde/.local/lib/python3.7/site-packages (from pescador>=2.1.0->pyannote.audio==1.1.1) (4.4.2)
Requirement already satisfied: pyzmq>=15.0 in /home/voshpde/.local/lib/python3.7/site-packages (from pescador>=2.1.0->pyannote.audio==1.1.1) (19.0.2)
Requirement already satisfied: typer[all]>=0.2.1 in /home/voshpde/.local/lib/python3.7/site-packages (from pyannote.database>=4.0->pyannote.audio==1.1.1) (0.3.2)
Requirement already satisfied: sympy>=1.1 in /home/voshpde/.local/lib/python3.7/site-packages (from pyannote.metrics>=2.3->pyannote.audio==1.1.1) (1.8)
Requirement already satisfied: docopt>=0.6.2 in /cm/shared/easybuild/software/Python/3.7.4-GCCcore-8.3.0/lib/python3.7/site-packages (from pyannote.metrics>=2.3->pyannote.audio==1.1.1) (0.6.2)
Requirement already satisfied: tabulate>=0.7.7 in /cm/shared/easybuild/software/Python/3.7.4-GCCcore-8.3.0/lib/python3.7/site-packages (from pyannote.metrics>=2.3->pyannote.audio==1.1.1) (0.8.3)
Requirement already satisfied: filelock>=3.0.10 in /home/voshpde/.local/lib/python3.7/site-packages (from pyannote.pipeline<2.0.0,>=1.5.2->pyannote.audio==1.1.1) (3.0.12)
Requirement already satisfied: optuna>=1.4 in /home/voshpde/.local/lib/python3.7/site-packages (from pyannote.pipeline<2.0.0,>=1.5.2->pyannote.audio==1.1.1) (2.7.0)
Requirement already satisfied: resampy>=0.2.2 in /home/voshpde/.local/lib/python3.7/site-packages (from librosa>=0.8.0->pyannote.audio==1.1.1) (0.2.2)
Requirement already satisfied: audioread>=2.0.0 in /home/voshpde/.local/lib/python3.7/site-packages (from librosa>=0.8.0->pyannote.audio==1.1.1) (2.1.8)
Requirement already satisfied: numba>=0.43.0 in /home/voshpde/.local/lib/python3.7/site-packages (from librosa>=0.8.0->pyannote.audio==1.1.1) (0.43.0)
Requirement already satisfied: pooch>=1.0 in /home/voshpde/.local/lib/python3.7/site-packages (from librosa>=0.8.0->pyannote.audio==1.1.1) (1.1.1)
Requirement already satisfied: kiwisolver>=1.0.1 in /home/voshpde/.local/lib/python3.7/site-packages (from matplotlib>=2.0.0->pyannote.core>=4.1->pyannote.audio==1.1.1) (1.2.0)
Requirement already satisfied: cycler>=0.10 in /home/voshpde/.local/lib/python3.7/site-packages (from matplotlib>=2.0.0->pyannote.core>=4.1->pyannote.audio==1.1.1) (0.10.0)
Requirement already satisfied: pyparsing!=2.0.4,!=2.1.2,!=2.1.6,>=2.0.3 in /home/voshpde/.local/lib/python3.7/site-packages (from matplotlib>=2.0.0->pyannote.core>=4.1->pyannote.audio==1.1.1) (2.4.7)
Requirement already satisfied: certifi>=2020.06.20 in /home/voshpde/.local/lib/python3.7/site-packages (from matplotlib>=2.0.0->pyannote.core>=4.1->pyannote.audio==1.1.1) (2020.6.20)
Requirement already satisfied: pycparser in /cm/shared/easybuild/software/Python/3.7.4-GCCcore-8.3.0/lib/python3.7/site-packages (from cffi>=1.0->soundfile>=0.10.2->pyannote.audio==1.1.1) (2.19)
Requirement already satisfied: pyasn1-modules>=0.2.1 in /home/voshpde/.local/lib/python3.7/site-packages (from google-auth<2,>=1.6.3->tensorboard>=2.0.0->pyannote.audio==1.1.1) (0.2.8)
Requirement already satisfied: rsa<5,>=3.1.4; python_version >= "3.5" in /home/voshpde/.local/lib/python3.7/site-packages (from google-auth<2,>=1.6.3->tensorboard>=2.0.0->pyannote.audio==1.1.1) (4.6)
Requirement already satisfied: importlib-metadata; python_version < "3.8" in /home/voshpde/.local/lib/python3.7/site-packages (from markdown>=2.6.8->tensorboard>=2.0.0->pyannote.audio==1.1.1) (1.7.0)
Requirement already satisfied: idna<2.9,>=2.5 in /cm/shared/easybuild/software/Python/3.7.4-GCCcore-8.3.0/lib/python3.7/site-packages (from requests<3,>=2.21.0->tensorboard>=2.0.0->pyannote.audio==1.1.1) (2.8)
Requirement already satisfied: chardet<3.1.0,>=3.0.2 in /cm/shared/easybuild/software/Python/3.7.4-GCCcore-8.3.0/lib/python3.7/site-packages (from requests<3,>=2.21.0->tensorboard>=2.0.0->pyannote.audio==1.1.1) (3.0.4)
Requirement already satisfied: urllib3!=1.25.0,!=1.25.1,<1.26,>=1.21.1 in /cm/shared/easybuild/software/Python/3.7.4-GCCcore-8.3.0/lib/python3.7/site-packages (from requests<3,>=2.21.0->tensorboard>=2.0.0->pyannote.audio==1.1.1) (1.25.3)
Requirement already satisfied: requests-oauthlib>=0.7.0 in /home/voshpde/.local/lib/python3.7/site-packages (from google-auth-oauthlib<0.5,>=0.4.1->tensorboard>=2.0.0->pyannote.audio==1.1.1) (1.3.0)
Requirement already satisfied: click<7.2.0,>=7.1.1 in /home/voshpde/.local/lib/python3.7/site-packages (from typer[all]>=0.2.1->pyannote.database>=4.0->pyannote.audio==1.1.1) (7.1.2)
Requirement already satisfied: colorama<0.5.0,>=0.4.3; extra == "all" in /home/voshpde/.local/lib/python3.7/site-packages (from typer[all]>=0.2.1->pyannote.database>=4.0->pyannote.audio==1.1.1) (0.4.4)
Requirement already satisfied: shellingham<2.0.0,>=1.3.0; extra == "all" in /home/voshpde/.local/lib/python3.7/site-packages (from typer[all]>=0.2.1->pyannote.database>=4.0->pyannote.audio==1.1.1) (1.4.0)
Requirement already satisfied: mpmath>=0.19 in /cm/shared/easybuild/software/SciPy-bundle/2019.10-fosscuda-2019b-Python-3.7.4/lib/python3.7/site-packages (from sympy>=1.1->pyannote.metrics>=2.3->pyannote.audio==1.1.1) (1.1.0)
Requirement already satisfied: sqlalchemy>=1.1.0 in /home/voshpde/.local/lib/python3.7/site-packages (from optuna>=1.4->pyannote.pipeline<2.0.0,>=1.5.2->pyannote.audio==1.1.1) (1.4.9)
Requirement already satisfied: colorlog in /home/voshpde/.local/lib/python3.7/site-packages (from optuna>=1.4->pyannote.pipeline<2.0.0,>=1.5.2->pyannote.audio==1.1.1) (5.0.1)
Requirement already satisfied: cliff in /home/voshpde/.local/lib/python3.7/site-packages (from optuna>=1.4->pyannote.pipeline<2.0.0,>=1.5.2->pyannote.audio==1.1.1) (3.7.0)
Requirement already satisfied: alembic in /home/voshpde/.local/lib/python3.7/site-packages (from optuna>=1.4->pyannote.pipeline<2.0.0,>=1.5.2->pyannote.audio==1.1.1) (1.5.8)
Requirement already satisfied: cmaes>=0.8.2 in /home/voshpde/.local/lib/python3.7/site-packages (from optuna>=1.4->pyannote.pipeline<2.0.0,>=1.5.2->pyannote.audio==1.1.1) (0.8.2)
Requirement already satisfied: packaging>=20.0 in /home/voshpde/.local/lib/python3.7/site-packages (from optuna>=1.4->pyannote.pipeline<2.0.0,>=1.5.2->pyannote.audio==1.1.1) (20.9)
Requirement already satisfied: llvmlite>=0.28.0dev0 in /home/voshpde/.local/lib/python3.7/site-packages (from numba>=0.43.0->librosa>=0.8.0->pyannote.audio==1.1.1) (0.32.1)
Requirement already satisfied: appdirs in /home/voshpde/.local/lib/python3.7/site-packages (from pooch>=1.0->librosa>=0.8.0->pyannote.audio==1.1.1) (1.4.4)
Requirement already satisfied: pyasn1<0.5.0,>=0.4.6 in /cm/shared/easybuild/software/Python/3.7.4-GCCcore-8.3.0/lib/python3.7/site-packages (from pyasn1-modules>=0.2.1->google-auth<2,>=1.6.3->tensorboard>=2.0.0->pyannote.audio==1.1.1) (0.4.7)
Requirement already satisfied: zipp>=0.5 in /home/voshpde/.local/lib/python3.7/site-packages (from importlib-metadata; python_version < "3.8"->markdown>=2.6.8->tensorboard>=2.0.0->pyannote.audio==1.1.1) (3.1.0)
Requirement already satisfied: oauthlib>=3.0.0 in /home/voshpde/.local/lib/python3.7/site-packages (from requests-oauthlib>=0.7.0->google-auth-oauthlib<0.5,>=0.4.1->tensorboard>=2.0.0->pyannote.audio==1.1.1) (3.1.0)
Requirement already satisfied: greenlet!=0.4.17; python_version >= "3" in /home/voshpde/.local/lib/python3.7/site-packages (from sqlalchemy>=1.1.0->optuna>=1.4->pyannote.pipeline<2.0.0,>=1.5.2->pyannote.audio==1.1.1) (1.0.0)
Requirement already satisfied: pbr!=2.1.0,>=2.0.0 in /cm/shared/easybuild/software/Python/3.7.4-GCCcore-8.3.0/lib/python3.7/site-packages (from cliff->optuna>=1.4->pyannote.pipeline<2.0.0,>=1.5.2->pyannote.audio==1.1.1) (5.4.3)
Requirement already satisfied: cmd2>=1.0.0 in /home/voshpde/.local/lib/python3.7/site-packages (from cliff->optuna>=1.4->pyannote.pipeline<2.0.0,>=1.5.2->pyannote.audio==1.1.1) (1.5.0)
Requirement already satisfied: PrettyTable>=0.7.2 in /home/voshpde/.local/lib/python3.7/site-packages (from cliff->optuna>=1.4->pyannote.pipeline<2.0.0,>=1.5.2->pyannote.audio==1.1.1) (2.1.0)
Requirement already satisfied: stevedore>=2.0.1 in /home/voshpde/.local/lib/python3.7/site-packages (from cliff->optuna>=1.4->pyannote.pipeline<2.0.0,>=1.5.2->pyannote.audio==1.1.1) (3.3.0)
Requirement already satisfied: python-editor>=0.3 in /home/voshpde/.local/lib/python3.7/site-packages (from alembic->optuna>=1.4->pyannote.pipeline<2.0.0,>=1.5.2->pyannote.audio==1.1.1) (1.0.4)
Requirement already satisfied: Mako in /home/voshpde/.local/lib/python3.7/site-packages (from alembic->optuna>=1.4->pyannote.pipeline<2.0.0,>=1.5.2->pyannote.audio==1.1.1) (1.1.4)
Requirement already satisfied: wcwidth>=0.1.7 in /cm/shared/easybuild/software/Python/3.7.4-GCCcore-8.3.0/lib/python3.7/site-packages (from cmd2>=1.0.0->cliff->optuna>=1.4->pyannote.pipeline<2.0.0,>=1.5.2->pyannote.audio==1.1.1) (0.1.7)
Requirement already satisfied: pyperclip>=1.6 in /home/voshpde/.local/lib/python3.7/site-packages (from cmd2>=1.0.0->cliff->optuna>=1.4->pyannote.pipeline<2.0.0,>=1.5.2->pyannote.audio==1.1.1) (1.8.2)
Requirement already satisfied: attrs>=16.3.0 in /home/voshpde/.local/lib/python3.7/site-packages (from cmd2>=1.0.0->cliff->optuna>=1.4->pyannote.pipeline<2.0.0,>=1.5.2->pyannote.audio==1.1.1) (20.2.0)
Requirement already satisfied: MarkupSafe>=0.9.2 in /cm/shared/easybuild/software/Python/3.7.4-GCCcore-8.3.0/lib/python3.7/site-packages (from Mako->alembic->optuna>=1.4->pyannote.pipeline<2.0.0,>=1.5.2->pyannote.audio==1.1.1) (1.1.1)
Requirement already satisfied: sox in /home/voshpde/.local/lib/python3.7/site-packages (1.4.0)
Requirement already satisfied: numpy>=1.9.0 in /cm/shared/easybuild/software/SciPy-bundle/2019.10-fosscuda-2019b-Python-3.7.4/lib/python3.7/site-packages (from sox) (1.17.3)
Using cache found in /home/voshpde/.cache/torch/hub/pyannote_pyannote-audio_master
Using cache found in /home/voshpde/.cache/torch/hub/pyannote_pyannote-audio_master
Using cache found in /home/voshpde/.cache/torch/hub/pyannote_pyannote-audio_master
Using cache found in /home/voshpde/.cache/torch/hub/pyannote_pyannote-audio_master
/home/voshpde/.local/lib/python3.7/site-packages/pyannote/audio/embedding/approaches/arcface_loss.py:170: FutureWarning: The 's' parameter is deprecated in favor of 'scale', and will be removed in a future release
  warnings.warn(msg, FutureWarning)
/home/voshpde/.local/lib/python3.7/site-packages/pyannote/audio/features/pretrained.py:156: UserWarning: Model was trained with 4s chunks and is applied on 2s chunks. This might lead to sub-optimal results.
  warnings.warn(msg)
Using cache found in /home/voshpde/.cache/torch/hub/pyannote_pyannote-audio_master
Traceback (most recent call last):
  File "measure_time.py", line 49, in <module>
    diarization = pipeline({'audio': WAV_PATH})
meError: name 'WAV_PATH' is not defined
